<?xml version="1.0" encoding="UTF-8"?>
<!-- Generated by org.testng.reporters.JUnitReportReporter -->
<testsuite hostname="DESKTOP-8QGVQE8" failures="0" tests="3" name="com.examples.Example_004_SkipTest" time="18.240" errors="0" timestamp="2023-08-13T12:28:36 IST" skipped="1">
  <testcase classname="com.examples.Example_004_SkipTest" name="launchdriver" time="1.866"/>
  <system-out/>
  <testcase classname="com.examples.Example_004_SkipTest" name="login" time="16.374"/>
  <system-out/>
  <testcase classname="com.examples.Example_004_SkipTest" name="logout">
    <skipped/>
  </testcase> <!-- logout -->
  <system-out/>
</testsuite> <!-- com.examples.Example_004_SkipTest -->
