<?xml version="1.0" encoding="UTF-8"?>
<!-- Generated by org.testng.reporters.JUnitReportReporter -->
<testsuite hostname="DESKTOP-8QGVQE8" failures="0" tests="2" name="com.examples.Example_009_ParallelExecution" time="54.741" errors="0" timestamp="2023-09-01T12:02:49 IST" skipped="0">
  <testcase classname="com.examples.Example_009_ParallelExecution" name="launchdriver" time="27.392"/>
  <system-out/>
  <testcase classname="com.examples.Example_009_ParallelExecution" name="launchdriver" time="27.349"/>
  <system-out/>
</testsuite> <!-- com.examples.Example_009_ParallelExecution -->
