<?xml version="1.0" encoding="UTF-8"?>
<!-- Generated by org.testng.reporters.JUnitReportReporter -->
<testsuite hostname="DESKTOP-8QGVQE8" failures="0" tests="1" name="com.examples.Example_001" time="0.011" errors="0" timestamp="2023-08-12T12:48:51 IST" skipped="0">
  <testcase classname="com.examples.Example_001" name="Testme" time="0.011"/>
  <system-out/>
</testsuite> <!-- com.examples.Example_001 -->
