<?xml version="1.0" encoding="UTF-8"?>
<!-- Generated by org.testng.reporters.JUnitReportReporter -->
<testsuite hostname="DESKTOP-8QGVQE8" failures="0" tests="2" name="com.examples.Example_005_DataProvider" time="8.985" errors="0" timestamp="2023-08-13T13:07:47 IST" skipped="0">
  <testcase classname="com.examples.Example_005_DataProvider" name="login" time="4.857"/>
  <system-out/>
  <testcase classname="com.examples.Example_005_DataProvider" name="login" time="4.128"/>
  <system-out/>
</testsuite> <!-- com.examples.Example_005_DataProvider -->
