<?xml version="1.0" encoding="UTF-8"?>
<!-- Generated by org.testng.reporters.JUnitReportReporter -->
<testsuite hostname="DESKTOP-8QGVQE8" failures="0" tests="3" name="com.examples.Example_008_Reporter" time="17.690" errors="0" timestamp="2023-08-17T20:46:50 IST" skipped="0">
  <testcase classname="com.examples.Example_008_Reporter" name="checkTitle" time="0.005"/>
  <system-out>
    <![CDATA[we are checking title of webPage]]>
  </system-out>
  <testcase classname="com.examples.Example_008_Reporter" name="launchdriver" time="2.161"/>
  <system-out>
    <![CDATA[We are using chrome latest binary version 115]]>
  </system-out>
  <testcase classname="com.examples.Example_008_Reporter" name="login" time="15.524"/>
  <system-out/>
</testsuite> <!-- com.examples.Example_008_Reporter -->
