<?xml version="1.0" encoding="UTF-8"?>
<!-- Generated by org.testng.reporters.JUnitReportReporter -->
<testsuite hostname="DESKTOP-8QGVQE8" failures="0" tests="3" name="com.examples.Example_003_Priority" time="21.840" errors="0" timestamp="2023-08-13T12:13:41 IST" skipped="0">
  <testcase classname="com.examples.Example_003_Priority" name="launchdriver" time="1.988"/>
  <system-out/>
  <testcase classname="com.examples.Example_003_Priority" name="login" time="16.608"/>
  <system-out/>
  <testcase classname="com.examples.Example_003_Priority" name="logout" time="3.244"/>
  <system-out/>
</testsuite> <!-- com.examples.Example_003_Priority -->
