<?xml version="1.0" encoding="UTF-8"?>
<!-- Generated by org.testng.reporters.JUnitReportReporter -->
<testsuite hostname="DESKTOP-8QGVQE8" failures="0" tests="1" name="com.examples.Example_002" time="4.783" errors="0" timestamp="2023-08-12T13:01:37 IST" skipped="0">
  <testcase classname="com.examples.Example_002" name="createDriver" time="4.783"/>
  <system-out/>
</testsuite> <!-- com.examples.Example_002 -->
