<?xml version="1.0" encoding="UTF-8"?>
<!-- Generated by org.testng.reporters.JUnitReportReporter -->
<testsuite hostname="DESKTOP-8QGVQE8" failures="0" tests="2" name="com.examples.Example_006_Grouping" time="17.303" errors="0" timestamp="2023-08-17T20:41:00 IST" skipped="0">
  <testcase classname="com.examples.Example_006_Grouping" name="login" time="14.974"/>
  <system-out/>
  <testcase classname="com.examples.Example_006_Grouping" name="launchdriver" time="2.329"/>
  <system-out/>
</testsuite> <!-- com.examples.Example_006_Grouping -->
